<?xml version="1.0" encoding="UTF-8"?>
<testng-results skipped="0" failed="0" ignored="0" total="1" passed="1">
  <reporter-output>
  </reporter-output>
  <suite name="Suite" duration-ms="49076" started-at="2018-08-09T16:12:05Z" finished-at="2018-08-09T16:12:54Z">
    <groups>
    </groups>
    <test name="Test" duration-ms="49076" started-at="2018-08-09T16:12:05Z" finished-at="2018-08-09T16:12:54Z">
      <class name="scripts.CashTest">
        <test-method status="PASS" signature="openApp()[pri:0, instance:scripts.CashTest@76a3e297]" name="openApp" is-config="true" duration-ms="48952" started-at="2018-08-09T16:12:05Z" finished-at="2018-08-09T16:12:54Z">
          <reporter-output>
          </reporter-output>
        </test-method> <!-- openApp -->
        <test-method status="PASS" signature="cashtest()[pri:0, instance:scripts.CashTest@76a3e297]" name="cashtest" duration-ms="13" started-at="2018-08-09T16:12:54Z" finished-at="2018-08-09T16:12:54Z">
          <reporter-output>
          </reporter-output>
        </test-method> <!-- cashtest -->
        <test-method status="PASS" signature="closeApp()[pri:0, instance:scripts.CashTest@76a3e297]" name="closeApp" is-config="true" duration-ms="1" started-at="2018-08-09T16:12:54Z" finished-at="2018-08-09T16:12:54Z">
          <reporter-output>
          </reporter-output>
        </test-method> <!-- closeApp -->
      </class> <!-- scripts.CashTest -->
    </test> <!-- Test -->
  </suite> <!-- Suite -->
</testng-results>
